Running: fuse.exe -relaunch -intstyle "ise" -incremental -o "C:/Users/pipe/Desktop/procesador/procesador/Procesador2/TBProcesador2_isim_beh.exe" -prj "C:/Users/pipe/Desktop/procesador/procesador/Procesador2/TBProcesador2_beh.prj" "work.TBProcesador2" 
ISim P.20131013 (signature 0x7708f090)
Number of CPUs detected in this system: 4
Turning on mult-threading, number of parallel sub-compilation jobs: 8 
Determining compilation order of HDL files
Parsing VHDL file "C:/Users/pipe/Desktop/procesador/procesador/Procesador2/UC.vhd" into library work
Parsing VHDL file "C:/Users/pipe/Desktop/procesador/procesador/Procesador2/Sumador.vhd" into library work
Parsing VHDL file "C:/Users/pipe/Desktop/procesador/procesador/Procesador2/RF.vhd" into library work
Parsing VHDL file "C:/Users/pipe/Desktop/procesador/procesador/Procesador2/ProgramCounter.vhd" into library work
Parsing VHDL file "C:/Users/pipe/Desktop/procesador/procesador/Procesador2/Multiplexor.vhd" into library work
Parsing VHDL file "C:/Users/pipe/Desktop/procesador/procesador/Procesador2/InstructionMemory.vhd" into library work
Parsing VHDL file "C:/Users/pipe/Desktop/procesador/procesador/Procesador2/ExtSign.vhd" into library work
Parsing VHDL file "C:/Users/pipe/Desktop/procesador/procesador/Procesador2/ALU.vhd" into library work
Parsing VHDL file "C:/Users/pipe/Desktop/procesador/procesador/Procesador2/Procesador2.vhd" into library work
Parsing VHDL file "C:/Users/pipe/Desktop/procesador/procesador/Procesador2/TBProcesador2.vhd" into library work
Starting static elaboration
WARNING:HDLCompiler:1196 - "C:/Users/pipe/Desktop/procesador/procesador/Procesador2/InstructionMemory.vhd" Line 26: Readline called past the end of file romfile
Completed static elaboration
Compiling package standard
Compiling package std_logic_1164
Compiling package std_logic_arith
Compiling package std_logic_unsigned
Compiling package textio
Compiling architecture behavioral of entity ALU [alu_default]
Compiling architecture behavioral of entity ExtSign [extsign_default]
Compiling architecture behavioral of entity Multiplexor [multiplexor_default]
Compiling architecture behavioral of entity ProgramCounter [programcounter_default]
Compiling architecture behavioral of entity Sumador [sumador_default]
Compiling architecture arqinstructionmemory of entity instructionMemory [instructionmemory_default]
Compiling architecture behavioral of entity RF [rf_default]
Compiling architecture behavioral of entity UC [uc_default]
Compiling architecture behavioral of entity Procesador2 [procesador2_default]
Compiling architecture behavior of entity tbprocesador2
Time Resolution for simulation is 1ps.
Waiting for 7 sub-compilation(s) to finish...
Compiled 24 VHDL Units
Built simulation executable C:/Users/pipe/Desktop/procesador/procesador/Procesador2/TBProcesador2_isim_beh.exe
Fuse Memory Usage: 34700 KB
Fuse CPU Usage: 671 ms
