Running: fuse.exe -relaunch -intstyle "ise" -incremental -o "C:/Users/pipe/Desktop/Arquitectura-pro6/Arquitectura-pro6/Procesador 6/Procesado6/tb_procesador6_isim_beh.exe" -prj "C:/Users/pipe/Desktop/Arquitectura-pro6/Arquitectura-pro6/Procesador 6/Procesado6/tb_procesador6_beh.prj" "work.tb_procesador6" 
ISim P.20131013 (signature 0x7708f090)
Number of CPUs detected in this system: 4
Turning on mult-threading, number of parallel sub-compilation jobs: 8 
Determining compilation order of HDL files
Parsing VHDL file "C:/Users/pipe/Desktop/Arquitectura-pro6/Arquitectura-pro6/Procesador 6/Procesado6/../Win_man.vhd" into library work
Parsing VHDL file "C:/Users/pipe/Desktop/Arquitectura-pro6/Arquitectura-pro6/Procesador 6/Procesado6/../UC.vhd" into library work
Parsing VHDL file "C:/Users/pipe/Desktop/Arquitectura-pro6/Arquitectura-pro6/Procesador 6/Procesado6/../Sumador.vhd" into library work
Parsing VHDL file "C:/Users/pipe/Desktop/Arquitectura-pro6/Arquitectura-pro6/Procesador 6/Procesado6/../SEU30.vhd" into library work
Parsing VHDL file "C:/Users/pipe/Desktop/Arquitectura-pro6/Arquitectura-pro6/Procesador 6/Procesado6/../SEU13.vhd" into library work
Parsing VHDL file "C:/Users/pipe/Desktop/Arquitectura-pro6/Arquitectura-pro6/Procesador 6/Procesado6/../RF.vhd" into library work
Parsing VHDL file "C:/Users/pipe/Desktop/Arquitectura-pro6/Arquitectura-pro6/Procesador 6/Procesado6/../PSRModifier.vhd" into library work
Parsing VHDL file "C:/Users/pipe/Desktop/Arquitectura-pro6/Arquitectura-pro6/Procesador 6/Procesado6/../PSR.vhd" into library work
Parsing VHDL file "C:/Users/pipe/Desktop/Arquitectura-pro6/Arquitectura-pro6/Procesador 6/Procesado6/../ProgramCounter.vhd" into library work
Parsing VHDL file "C:/Users/pipe/Desktop/Arquitectura-pro6/Arquitectura-pro6/Procesador 6/Procesado6/../MuxRF.vhd" into library work
Parsing VHDL file "C:/Users/pipe/Desktop/Arquitectura-pro6/Arquitectura-pro6/Procesador 6/Procesado6/../MuxRegister.vhd" into library work
Parsing VHDL file "C:/Users/pipe/Desktop/Arquitectura-pro6/Arquitectura-pro6/Procesador 6/Procesado6/../MuxPC.vhd" into library work
Parsing VHDL file "C:/Users/pipe/Desktop/Arquitectura-pro6/Arquitectura-pro6/Procesador 6/Procesado6/../MuxAlu.vhd" into library work
Parsing VHDL file "C:/Users/pipe/Desktop/Arquitectura-pro6/Arquitectura-pro6/Procesador 6/Procesado6/../InstructionMemory.vhd" into library work
Parsing VHDL file "C:/Users/pipe/Desktop/Arquitectura-pro6/Arquitectura-pro6/Procesador 6/Procesado6/../ExtSign.vhd" into library work
Parsing VHDL file "C:/Users/pipe/Desktop/Arquitectura-pro6/Arquitectura-pro6/Procesador 6/Procesado6/../DataMemory.vhd" into library work
Parsing VHDL file "C:/Users/pipe/Desktop/Arquitectura-pro6/Arquitectura-pro6/Procesador 6/Procesado6/../ALU.vhd" into library work
Parsing VHDL file "C:/Users/pipe/Desktop/Arquitectura-pro6/Arquitectura-pro6/Procesador 6/Procesado6/../Procesador2.vhd" into library work
Parsing VHDL file "C:/Users/pipe/Desktop/Arquitectura-pro6/Arquitectura-pro6/Procesador 6/Procesado6/tb_procesador6.vhd" into library work
Starting static elaboration
Completed static elaboration
Compiling package standard
Compiling package std_logic_1164
Compiling package std_logic_arith
Compiling package std_logic_unsigned
Compiling package textio
Compiling architecture behavioral of entity ProgramCounter [programcounter_default]
Compiling architecture behavioral of entity Sumador [sumador_default]
Compiling architecture arqinstructionmemory of entity instructionMemory [instructionmemory_default]
Compiling architecture behavioral of entity Win_man [win_man_default]
Compiling architecture behavioral of entity MuxRegister [muxregister_default]
Compiling architecture behavioral of entity RF [rf_default]
Compiling architecture behavioral of entity ExtSign [extsign_default]
Compiling architecture behavioral of entity MuxAlu [muxalu_default]
Compiling architecture behavioral of entity UC [uc_default]
Compiling architecture behavioral of entity ALU [alu_default]
Compiling architecture behavioral of entity PSRModifier [psrmodifier_default]
Compiling architecture behavioral of entity PSR [psr_default]
Compiling architecture behavioral of entity SEU22 [seu22_default]
Compiling architecture behavioral of entity SEU30 [seu30_default]
Compiling architecture behavioral of entity MuxPC [muxpc_default]
Compiling architecture behavioral of entity DataMemory [datamemory_default]
Compiling architecture behavioral of entity MuxRFSource [muxrfsource_default]
Compiling architecture behavioral of entity Procesador6 [procesador6_default]
Compiling architecture behavior of entity tb_procesador6
Time Resolution for simulation is 1ps.
Waiting for 10 sub-compilation(s) to finish...
Compiled 42 VHDL Units
Built simulation executable C:/Users/pipe/Desktop/Arquitectura-pro6/Arquitectura-pro6/Procesador 6/Procesado6/tb_procesador6_isim_beh.exe
Fuse Memory Usage: 35328 KB
Fuse CPU Usage: 828 ms
