Command line:
   TBProcesador2_isim_beh.exe
     -simmode  gui
     -simrunnum  0
     -socket  64081

Tue Oct 11 19:07:55 2016


 Elaboration Time: 0.0625 sec

 Current Memory Usage: 845.935 Meg

 Total Signals          : 53
 Total Nets             : 3688
 Total Signal Drivers   : 14
 Total Blocks           : 15
 Total Primitive Blocks : 13
 Total Processes        : 12
 Total Traceable Variables  : 11
 Total Scalar Nets and Variables : 4067
Total Line Count : 57

 Total Simulation Time: 0.140625 sec

 Current Memory Usage: 688.648 Meg

Tue Oct 11 19:09:48 2016

