Command line:
   TB_procesador4_isim_beh.exe
     -simmode  gui
     -simrunnum  0
     -socket  58426

Sat Oct 22 13:58:48 2016


 Elaboration Time: 0.046875 sec

 Current Memory Usage: 845.93 Meg

 Total Signals          : 86
 Total Nets             : 3716
 Total Signal Drivers   : 24
 Total Blocks           : 18
 Total Primitive Blocks : 16
 Total Processes        : 18
 Total Traceable Variables  : 11
 Total Scalar Nets and Variables : 4095
Total Line Count : 148
Total Line Count : 148

 Total Simulation Time: 0.109375 sec

 Current Memory Usage: 688.644 Meg

Sat Oct 22 14:04:46 2016

